Loaded 500 MATH-500 traces
{
  "n": 500,
  "accuracy": 0.516,
  "n_steps_per_traj": {
    "mean": 8.354,
    "median": 8.0,
    "max": 33
  },
  "spearman": {
    "lp_mean": {
      "rho": 0.13730444193407818,
      "p": 0.0020900964560077754
    },
    "lp_min": {
      "rho": 0.19603037247050337,
      "p": 1.0086451690689192e-05
    }
  },
  "pointbiserial": {
    "lp_mean": {
      "r": 0.13070640162468353,
      "p": 0.0034121676007405287
    },
    "lp_min": {
      "r": 0.17269368294599657,
      "p": 0.00010399349279102156
    }
  },
  "reliability_lp_mean": [
    {
      "score_mean": -0.15697165993417125,
      "acc": 0.38,
      "count": 50
    },
    {
      "score_mean": -0.11660986997763857,
      "acc": 0.44,
      "count": 50
    },
    {
      "score_mean": -0.10214313106458267,
      "acc": 0.44,
      "count": 50
    },
    {
      "score_mean": -0.08881609041882813,
      "acc": 0.5,
      "count": 50
    },
    {
      "score_mean": -0.07870173855464879,
      "acc": 0.5,
      "count": 50
    },
    {
      "score_mean": -0.0720624981985298,
      "acc": 0.58,
      "count": 50
    },
    {
      "score_mean": -0.0657226804537362,
      "acc": 0.56,
      "count": 50
    },
    {
      "score_mean": -0.05846307345255855,
      "acc": 0.62,
      "count": 50
    },
    {
      "score_mean": -0.05054064677117528,
      "acc": 0.54,
      "count": 50
    },
    {
      "score_mean": -0.03862648584300701,
      "acc": 0.6,
      "count": 50
    }
  ],
  "reliability_lp_min": [
    {
      "score_mean": -0.4020941222318271,
      "acc": 0.36,
      "count": 50
    },
    {
      "score_mean": -0.2982402089851265,
      "acc": 0.32,
      "count": 50
    },
    {
      "score_mean": -0.2555747008514876,
      "acc": 0.48,
      "count": 50
    },
    {
      "score_mean": -0.21746159792336733,
      "acc": 0.54,
      "count": 50
    },
    {
      "score_mean": -0.18732300166651822,
      "acc": 0.44,
      "count": 50
    },
    {
      "score_mean": -0.16420346075303402,
      "acc": 0.52,
      "count": 50
    },
    {
      "score_mean": -0.1431016011953063,
      "acc": 0.6,
      "count": 50
    },
    {
      "score_mean": -0.12029951921104098,
      "acc": 0.62,
      "count": 50
    },
    {
      "score_mean": -0.09953432645033226,
      "acc": 0.56,
      "count": 50
    },
    {
      "score_mean": -0.07277994843969672,
      "acc": 0.72,
      "count": 50
    }
  ]
}
