Loaded 300 traces
{
  "n_traj": 300,
  "n_traj_valid": 300,
  "accuracy": 0.9033333333333333,
  "n_steps_per_traj": {
    "mean": 4.176666666666667,
    "median": 4.0,
    "min": 1,
    "max": 12
  },
  "tokens_per_step": {
    "mean": 46.62170790103751,
    "median": 35.0
  },
  "step_mean_logprob_distribution": {
    "mean": -0.08841695353109448,
    "median": -0.07872845772276262,
    "p10": -0.18494047163063373,
    "p90": -0.0007140083327857701
  },
  "reliability_mean_score": {
    "n_bins_used": 10,
    "bin_score": [
      -0.14376664713477658,
      -0.11838178334349105,
      -0.10519339236196862,
      -0.09322091231649145,
      -0.08348759154323451,
      -0.07570609514472301,
      -0.06585748324125298,
      -0.05638341546503204,
      -0.04608211786790376,
      -0.028647342705949413
    ],
    "bin_acc": [
      0.8,
      0.8333333333333334,
      0.9333333333333333,
      0.8333333333333334,
      0.9,
      0.9666666666666667,
      0.9333333333333333,
      1.0,
      0.9333333333333333,
      0.9
    ],
    "bin_count": [
      30,
      30,
      30,
      30,
      30,
      30,
      30,
      30,
      30,
      30
    ],
    "spearman_rho": 0.1472511527599129,
    "spearman_p": 0.010656880146410157,
    "pointbiserial_r": 0.15855635173392624,
    "pointbiserial_p": 0.005918856117902961
  },
  "reliability_min_score": {
    "n_bins_used": 10,
    "bin_score": [
      -0.3202855037177035,
      -0.24211340901080508,
      -0.19979544540464753,
      -0.1640693503424932,
      -0.14183521810706484,
      -0.12106321797420018,
      -0.09798628270350916,
      -0.08087686604383121,
      -0.06507457187818282,
      -0.043660215496141075
    ],
    "bin_acc": [
      0.8333333333333334,
      0.8333333333333334,
      0.8333333333333334,
      0.9,
      0.8333333333333334,
      0.9666666666666667,
      0.9333333333333333,
      0.9666666666666667,
      0.9666666666666667,
      0.9666666666666667
    ],
    "bin_count": [
      30,
      30,
      30,
      30,
      30,
      30,
      30,
      30,
      30,
      30
    ],
    "spearman_rho": 0.1777303829640877,
    "spearman_p": 0.0020004330211923853,
    "pointbiserial_r": 0.18310891263947976,
    "pointbiserial_p": 0.0014461784789046184
  }
}

Wrote: /home/nvidia/future/pilots/cot_cp/results/pilot3_step_stats.json
